<?xml version="1.0" encoding="UTF-8"?>
<!-- Generated by org.testng.reporters.JUnitReportReporter -->
<testsuite hostname="E502168" failures="0" tests="1" name="org.blazedemo.testcases.BlazeReserve" time="7.605" errors="0" timestamp="2025-05-20T12:36:52 IST" skipped="0">
  <testcase classname="org.blazedemo.testcases.BlazeReserve" name="test01" time="7.605"/>
</testsuite> <!-- org.blazedemo.testcases.BlazeReserve -->
