<?xml version="1.0" encoding="UTF-8"?>
<!-- Generated by org.testng.reporters.JUnitReportReporter -->
<testsuite hostname="E502168" failures="0" tests="5" name="org.blazedemo.testcases.Blazedemo" time="37.889" errors="0" timestamp="2025-05-19T17:00:46 IST" skipped="0">
  <testcase classname="org.blazedemo.testcases.Blazedemo" name="test02" time="6.736"/>
  <testcase classname="org.blazedemo.testcases.Blazedemo" name="test03" time="13.520"/>
  <testcase classname="org.blazedemo.testcases.Blazedemo" name="test04" time="3.911"/>
  <testcase classname="org.blazedemo.testcases.Blazedemo" name="test05" time="5.087"/>
  <testcase classname="org.blazedemo.testcases.Blazedemo" name="test06" time="8.635"/>
</testsuite> <!-- org.blazedemo.testcases.Blazedemo -->
