<?xml version="1.0" encoding="UTF-8"?>
<!-- Generated by org.testng.reporters.JUnitReportReporter -->
<testsuite hostname="E502168" failures="0" tests="4" name="org.blazedemo.testcases.BlazeForgotPass" time="15.970" errors="0" timestamp="2025-05-20T09:55:28 IST" skipped="0">
  <testcase classname="org.blazedemo.testcases.BlazeForgotPass" name="test02" time="2.466"/>
  <testcase classname="org.blazedemo.testcases.BlazeForgotPass" name="test01" time="5.020"/>
  <testcase classname="org.blazedemo.testcases.BlazeForgotPass" name="test01" time="2.575"/>
  <testcase classname="org.blazedemo.testcases.BlazeForgotPass" name="test01" time="5.909"/>
</testsuite> <!-- org.blazedemo.testcases.BlazeForgotPass -->
