<?xml version="1.0" encoding="UTF-8"?>
<!-- Generated by org.testng.reporters.JUnitReportReporter -->
<testsuite hostname="E502168" failures="0" tests="5" name="org.blazedemo.testcases.BlazeLogin" time="11.493" errors="0" timestamp="2025-05-19T22:50:45 IST" skipped="1">
  <testcase classname="org.blazedemo.testcases.BlazeLogin" name="test01" time="3.144"/>
  <testcase classname="org.blazedemo.testcases.BlazeLogin" name="test01" time="3.099"/>
  <testcase classname="org.blazedemo.testcases.BlazeLogin" name="test01" time="2.689"/>
  <testcase classname="org.blazedemo.testcases.BlazeLogin" name="test01" time="2.561"/>
  <testcase classname="org.blazedemo.testcases.BlazeLogin" name="test02">
    <skipped/>
  </testcase> <!-- test02 -->
</testsuite> <!-- org.blazedemo.testcases.BlazeLogin -->
