<?xml version="1.0" encoding="UTF-8"?>
<!-- Generated by org.testng.reporters.JUnitReportReporter -->
<testsuite hostname="E502168" failures="0" tests="10" name="org.blazedemo.testcases.BlazeDemoTestCase" time="43.174" errors="0" timestamp="2025-05-21T19:52:08 IST" skipped="0">
  <testcase classname="org.blazedemo.testcases.BlazeDemoTestCase" name="tc01" time="2.260"/>
  <testcase classname="org.blazedemo.testcases.BlazeDemoTestCase" name="tc02" time="2.498"/>
  <testcase classname="org.blazedemo.testcases.BlazeDemoTestCase" name="tc03" time="2.884"/>
  <testcase classname="org.blazedemo.testcases.BlazeDemoTestCase" name="tc04" time="2.979"/>
  <testcase classname="org.blazedemo.testcases.BlazeDemoTestCase" name="tc05" time="3.516"/>
  <testcase classname="org.blazedemo.testcases.BlazeDemoTestCase" name="tc06" time="4.539"/>
  <testcase classname="org.blazedemo.testcases.BlazeDemoTestCase" name="tc07" time="4.206"/>
  <testcase classname="org.blazedemo.testcases.BlazeDemoTestCase" name="tc08" time="6.617"/>
  <testcase classname="org.blazedemo.testcases.BlazeDemoTestCase" name="tc11" time="5.013"/>
  <testcase classname="org.blazedemo.testcases.BlazeDemoTestCase" name="tc12" time="8.662"/>
</testsuite> <!-- org.blazedemo.testcases.BlazeDemoTestCase -->
