<?xml version="1.0" encoding="UTF-8"?>
<!-- Generated by org.testng.reporters.JUnitReportReporter -->
<testsuite hostname="E502168" failures="0" tests="4" name="org.blazedemo.testcases.BlazePurchase" time="11.134" errors="0" timestamp="2025-05-19T22:29:14 IST" skipped="0">
  <testcase classname="org.blazedemo.testcases.BlazePurchase" name="test01" time="4.031"/>
  <testcase classname="org.blazedemo.testcases.BlazePurchase" name="checkbox" time="2.348"/>
  <testcase classname="org.blazedemo.testcases.BlazePurchase" name="test03" time="2.160"/>
  <testcase classname="org.blazedemo.testcases.BlazePurchase" name="test02" time="2.595"/>
</testsuite> <!-- org.blazedemo.testcases.BlazePurchase -->
